# -------------- Standalone test run --------------

Test run 1:
[[1, True, True], [2, True, True]]
Execution time: 2.8800044674426317e-05

Test run 2:
[[1, True, True], [2, True, True]]
Execution time: 5.199981387704611e-06

Test run 3:
[[1, True, True], [2, True, True]]
Execution time: 5.89998671784997e-06

Test run 4:
[[1, True, True], [2, True, True]]
Execution time: 5.599984433501959e-06

Test run 5:
[[1, True, True], [2, True, True]]
Execution time: 5.799985956400633e-06


# -------------- Class test run --------------

Test run 1:
[[1, True, True], [2, True, True]]
Execution time: 1.279998105019331e-05

Test run 2:
[[1, True, True], [2, True, True]]
Execution time: 8.600007276982069e-06

Test run 3:
[[1, True, True], [2, True, True]]
Execution time: 8.600007276982069e-06

Test run 4:
[[1, True, True], [2, True, True]]
Execution time: 1.0599964298307896e-05

Test run 5:
[[1, True, True], [2, True, True]]
Execution time: 9.09995287656784e-06

# -------------- heapq test run --------------

Test run 1:
['BG', 'BG']
Execution time: 5.089998012408614e-05

Test run 2:
['BG', 'BG']
Execution time: 5.070003680884838e-05

Test run 3:
['BG', 'BG']
Execution time: 5.770003190264106e-05

Test run 4:
['BG', 'BG']
Execution time: 1.5400000847876072e-05

Test run 5:
['BG', 'BG']
Execution time: 1.8099963199347258e-05

# -------------- zip test run --------------

Test run 1:
['B', 'B']
Execution time: 3.549997927621007e-05

Test run 2:
['B', 'B']
Execution time: 4.449998959898949e-05

Test run 3:
['B', 'B']
Execution time: 2.3100001271814108e-05

Test run 4:
['B', 'B']
Execution time: 3.809999907389283e-05

Test run 5:
['B', 'B']
Execution time: 4.140002420172095e-05
